<?xml version="1.0" encoding="UTF-8"?>
<!-- Generated by org.testng.reporters.JUnitReportReporter -->
<testsuite hostname="DESKTOP-3JIVT5N" failures="0" tests="2" name="MyTests.GuruTest" time="5.965" errors="0" timestamp="2024-06-05T19:37:45 IST" skipped="0">
  <testcase classname="MyTests.GuruTest" name="Login" time="2.449"/>
  <system-out/>
  <testcase classname="MyTests.GuruTest" name="Newcustomer" time="3.516"/>
  <system-out/>
</testsuite> <!-- MyTests.GuruTest -->
