<?xml version="1.0" encoding="UTF-8"?>
<!-- Generated by org.testng.reporters.JUnitReportReporter -->
<testsuite hostname="DESKTOP-3JIVT5N" failures="0" tests="2" name="MyTests.GuruTest" time="4.409" errors="0" timestamp="2024-06-07T20:15:07 IST" skipped="0">
  <testcase classname="MyTests.GuruTest" name="Login" time="1.588"/>
  <testcase classname="MyTests.GuruTest" name="Newcustomer" time="2.821"/>
</testsuite> <!-- MyTests.GuruTest -->
