<?xml version="1.0" encoding="UTF-8"?>
<!-- Generated by org.testng.reporters.JUnitReportReporter -->
<testsuite hostname="DESKTOP-3JIVT5N" failures="0" tests="2" name="MyTests.GuruTest" time="8.692" errors="0" timestamp="2024-06-06T14:35:31 IST" skipped="0">
  <testcase classname="MyTests.GuruTest" name="Login" time="5.810"/>
  <testcase classname="MyTests.GuruTest" name="Newcustomer" time="2.882"/>
</testsuite> <!-- MyTests.GuruTest -->
